{"meta": {"version": "5.1", "timestamp": "2020-06-11T22:34:18.372719", "branch_coverage": false, "show_contexts": false}, "files": {"/Users/nat/Library/Caches/pypoetry/virtualenvs/poethepoet-LCpCQf8S-py3.6/lib/python3.6/site-packages/pastel/__init__.py": {"executed_lines": [3, 5, 8, 11, 24, 36, 55, 67], "summary": {"covered_lines": 8, "num_statements": 14, "percent_covered": 57.142857142857146, "missing_lines": 6, "excluded_lines": 0}, "missing_lines": [20, 21, 33, 52, 64, 73], "excluded_lines": []}, "/Users/nat/Library/Caches/pypoetry/virtualenvs/poethepoet-LCpCQf8S-py3.6/lib/python3.6/site-packages/pastel/pastel.py": {"executed_lines": [3, 4, 5, 7, 8, 11, 13, 14, 16, 17, 18, 19, 21, 22, 23, 24, 26, 30, 31, 43, 44, 46, 47, 49, 50, 52, 54, 57, 61, 67, 68, 69, 70, 71, 72, 73, 74, 76, 78, 80, 83, 84, 85, 86, 87, 88, 89, 94, 99, 100, 101, 103, 105, 106, 109, 111, 112, 114, 117, 118, 120, 122, 124, 125, 126, 148, 149, 152], "summary": {"covered_lines": 68, "num_statements": 103, "percent_covered": 66.01941747572816, "missing_lines": 35, "excluded_lines": 0}, "missing_lines": [28, 32, 34, 35, 37, 39, 41, 55, 58, 59, 62, 63, 65, 81, 90, 95, 96, 108, 110, 128, 129, 130, 132, 134, 135, 136, 137, 138, 140, 141, 142, 143, 144, 146, 150], "excluded_lines": []}, "/Users/nat/Library/Caches/pypoetry/virtualenvs/poethepoet-LCpCQf8S-py3.6/lib/python3.6/site-packages/pastel/stack.py": {"executed_lines": [3, 6, 7, 8, 9, 11, 12, 14, 15, 17, 18, 21, 24, 25, 26, 28, 32], "summary": {"covered_lines": 17, "num_statements": 23, "percent_covered": 73.91304347826087, "missing_lines": 6, "excluded_lines": 0}, "missing_lines": [19, 22, 30, 33, 34, 36], "excluded_lines": []}, "/Users/nat/Library/Caches/pypoetry/virtualenvs/poethepoet-LCpCQf8S-py3.6/lib/python3.6/site-packages/pastel/style.py": {"executed_lines": [3, 6, 8, 28, 48, 58, 59, 60, 61, 62, 64, 65, 67, 68, 70, 71, 72, 74, 76, 80, 84, 88, 89, 96, 98, 99, 106, 108, 109, 116, 117, 119, 129, 130, 132, 133, 135, 152, 153], "summary": {"covered_lines": 39, "num_statements": 58, "percent_covered": 67.24137931034483, "missing_lines": 19, "excluded_lines": 0}, "missing_lines": [78, 82, 86, 90, 100, 110, 120, 121, 127, 136, 138, 139, 141, 142, 144, 145, 147, 148, 150], "excluded_lines": []}, "/Users/nat/Library/Caches/pypoetry/virtualenvs/poethepoet-LCpCQf8S-py3.6/lib/python3.6/site-packages/toml/decoder.py": {"executed_lines": [19, 20, 21, 23, 27, 29, 91, 92, 94, 96, 98, 100, 102, 104, 108, 110, 132, 135, 155, 156, 180, 181, 182, 183, 184, 185, 188, 191, 192, 193, 194, 195, 196, 197, 198, 199, 200, 201, 202, 203, 204, 206, 207, 210, 211, 212, 215, 227, 228, 229, 230, 231, 234, 235, 241, 242, 248, 254, 255, 256, 257, 258, 263, 281, 282, 283, 284, 285, 286, 291, 292, 297, 298, 302, 303, 304, 306, 307, 320, 322, 323, 326, 328, 329, 330, 331, 332, 336, 337, 338, 346, 349, 350, 351, 352, 353, 354, 356, 357, 358, 361, 364, 365, 366, 367, 368, 369, 370, 371, 372, 374, 376, 377, 378, 380, 411, 412, 413, 416, 421, 422, 423, 424, 425, 426, 427, 428, 431, 432, 435, 436, 437, 438, 439, 453, 457, 458, 459, 460, 461, 464, 465, 466, 481, 487, 488, 489, 490, 491, 493, 494, 499, 508, 509, 510, 514, 516, 610, 611, 612, 613, 624, 626, 627, 637, 640, 684, 685, 686, 687, 697, 698, 699, 701, 702, 703, 706, 707, 708, 709, 710, 711, 714, 715, 716, 718, 739, 740, 763, 766, 767, 777, 778, 779, 781, 783, 784, 787, 790, 791, 793, 801, 802, 803, 804, 810, 812, 814, 816, 817, 818, 819, 820, 821, 824, 825, 826, 827, 830, 832, 833, 834, 835, 836, 842, 843, 847, 848, 851, 852, 853, 854, 864, 865, 869, 870, 873, 874, 875, 934, 935, 936, 940, 941, 942, 943, 944, 945, 946, 988, 989, 990, 1018, 1019, 1020, 1021, 1022, 1026, 1027, 1028, 1034], "summary": {"covered_lines": 261, "num_statements": 819, "percent_covered": 31.86813186813187, "missing_lines": 558, "excluded_lines": 0}, "missing_lines": [1, 2, 3, 4, 5, 7, 9, 10, 12, 13, 14, 15, 18, 22, 26, 28, 32, 33, 34, 35, 36, 37, 38, 41, 42, 43, 44, 47, 50, 53, 54, 55, 56, 57, 58, 59, 60, 61, 62, 66, 69, 70, 71, 72, 73, 74, 76, 77, 79, 80, 82, 83, 84, 85, 87, 90, 93, 95, 97, 99, 101, 103, 105, 106, 107, 109, 113, 133, 134, 136, 137, 138, 139, 140, 141, 143, 144, 145, 146, 147, 148, 149, 151, 153, 157, 158, 162, 165, 186, 189, 208, 209, 213, 216, 217, 218, 219, 220, 221, 222, 223, 224, 225, 226, 232, 233, 236, 238, 239, 240, 243, 244, 245, 246, 247, 249, 250, 251, 252, 253, 260, 264, 265, 266, 267, 268, 269, 270, 271, 272, 273, 274, 276, 277, 278, 280, 287, 288, 289, 290, 293, 294, 295, 296, 299, 300, 309, 310, 311, 312, 313, 314, 315, 316, 317, 318, 319, 324, 333, 334, 339, 340, 341, 343, 344, 345, 347, 355, 359, 362, 379, 381, 382, 384, 385, 386, 387, 388, 389, 390, 393, 394, 395, 396, 397, 398, 399, 400, 402, 403, 404, 405, 406, 407, 409, 410, 414, 417, 418, 419, 429, 430, 433, 441, 442, 443, 444, 445, 446, 449, 450, 451, 454, 462, 467, 468, 469, 470, 473, 474, 477, 482, 483, 484, 485, 486, 492, 495, 496, 497, 498, 500, 501, 503, 504, 506, 507, 512, 513, 515, 519, 520, 521, 522, 523, 524, 525, 526, 527, 529, 530, 531, 532, 533, 534, 535, 536, 537, 539, 540, 541, 542, 543, 546, 547, 548, 549, 550, 551, 552, 553, 557, 561, 562, 563, 566, 567, 568, 569, 570, 571, 572, 573, 574, 575, 576, 577, 578, 579, 580, 581, 582, 583, 584, 585, 586, 587, 588, 589, 590, 591, 593, 594, 595, 601, 603, 605, 608, 614, 615, 616, 617, 618, 619, 620, 622, 623, 625, 630, 634, 636, 639, 642, 643, 651, 653, 655, 656, 657, 658, 659, 660, 661, 662, 663, 664, 665, 666, 671, 672, 673, 676, 677, 678, 680, 681, 683, 688, 689, 690, 691, 692, 693, 694, 696, 705, 712, 713, 717, 723, 724, 725, 726, 727, 728, 729, 730, 731, 732, 733, 734, 735, 736, 737, 738, 741, 742, 743, 744, 745, 746, 747, 749, 751, 753, 754, 755, 756, 757, 758, 759, 760, 761, 762, 765, 768, 769, 770, 771, 772, 774, 775, 780, 782, 785, 789, 792, 795, 796, 797, 798, 799, 800, 805, 806, 807, 809, 811, 813, 815, 822, 823, 828, 837, 838, 839, 840, 841, 844, 850, 855, 856, 858, 861, 862, 863, 866, 867, 872, 876, 877, 878, 879, 880, 881, 882, 883, 885, 886, 887, 888, 889, 891, 892, 893, 894, 895, 896, 897, 898, 899, 900, 901, 902, 904, 905, 907, 908, 909, 910, 911, 912, 913, 914, 915, 916, 918, 919, 920, 921, 922, 923, 924, 925, 926, 927, 928, 930, 931, 933, 937, 939, 950, 951, 952, 953, 954, 955, 956, 957, 958, 959, 961, 962, 963, 964, 965, 966, 967, 968, 969, 970, 971, 972, 975, 977, 982, 983, 985, 986, 987, 991, 992, 997, 998, 999, 1000, 1002, 1003, 1005, 1006, 1007, 1008, 1009, 1010, 1011, 1012, 1013, 1014, 1015, 1016, 1017, 1023, 1024, 1030, 1031, 1033, 1037, 1039, 1040, 1041, 1043, 1044, 1046, 1047, 1048, 1050, 1051], "excluded_lines": []}, "/Users/nat/Projects/poethepoet/poethepoet/__init__.py": {"executed_lines": [1, 2, 5], "summary": {"covered_lines": 3, "num_statements": 8, "percent_covered": 37.5, "missing_lines": 5, "excluded_lines": 0}, "missing_lines": [6, 7, 9, 10, 11], "excluded_lines": []}, "/Users/nat/Projects/poethepoet/poethepoet/__version__.py": {"executed_lines": [1], "summary": {"covered_lines": 1, "num_statements": 1, "percent_covered": 100.0, "missing_lines": 0, "excluded_lines": 0}, "missing_lines": [], "excluded_lines": []}, "/Users/nat/Projects/poethepoet/poethepoet/app.py": {"executed_lines": [1, 2, 3, 4, 5, 6, 7, 10, 11, 12, 13, 14, 16, 22, 23, 24, 26, 27, 29, 30, 31, 39, 43, 46, 49, 50, 51, 55, 56, 60, 63, 65, 66, 67, 73], "summary": {"covered_lines": 35, "num_statements": 52, "percent_covered": 67.3076923076923, "missing_lines": 17, "excluded_lines": 0}, "missing_lines": [32, 33, 34, 35, 36, 37, 40, 41, 44, 47, 52, 53, 57, 58, 78, 79, 80], "excluded_lines": []}, "/Users/nat/Projects/poethepoet/poethepoet/config.py": {"executed_lines": [1, 2, 3, 4, 5, 8, 9, 11, 13, 18, 19, 20, 22, 23, 24, 26, 27, 28, 30, 31, 32, 34, 35, 39, 40, 41, 46, 48, 50, 51, 52, 55, 61, 62, 63, 64, 67, 77, 88, 89, 96, 98, 99, 100, 101, 102], "summary": {"covered_lines": 46, "num_statements": 67, "percent_covered": 68.65671641791045, "missing_lines": 21, "excluded_lines": 0}, "missing_lines": [36, 37, 38, 42, 43, 53, 56, 65, 78, 79, 80, 81, 82, 86, 90, 91, 95, 103, 104, 105, 106], "excluded_lines": []}, "/Users/nat/Projects/poethepoet/poethepoet/exceptions.py": {"executed_lines": [1, 2], "summary": {"covered_lines": 2, "num_statements": 5, "percent_covered": 40.0, "missing_lines": 3, "excluded_lines": 0}, "missing_lines": [3, 4, 5], "excluded_lines": []}, "/Users/nat/Projects/poethepoet/poethepoet/task.py": {"executed_lines": [1, 2, 3, 4, 5, 6, 7, 8, 9, 10, 12, 14, 15, 16, 19, 20, 21, 22, 24, 25, 26, 27, 28, 30, 40, 41, 42, 43, 44, 46, 47, 48, 50, 51, 52, 55, 57, 58, 63, 65, 67, 68, 87, 88, 90, 93, 95, 96, 97, 101, 103, 105, 106, 110, 111, 112, 120, 121, 123, 124, 125, 126, 138, 139, 147, 148, 153, 158, 161, 167, 168, 176, 177, 178, 180, 181], "summary": {"covered_lines": 76, "num_statements": 112, "percent_covered": 67.85714285714286, "missing_lines": 36, "excluded_lines": 0}, "missing_lines": [59, 60, 61, 69, 72, 74, 77, 78, 80, 82, 84, 85, 99, 113, 114, 115, 116, 117, 118, 119, 127, 128, 131, 132, 136, 149, 154, 159, 163, 164, 165, 169, 170, 171, 173, 174], "excluded_lines": []}, "/Users/nat/Projects/poethepoet/poethepoet/ui.py": {"executed_lines": [1, 2, 3, 4, 5, 6, 7, 10, 11, 18, 21, 22, 23, 25, 26, 27, 29, 30, 31, 32, 33, 34, 35, 36, 37, 38, 39, 41, 43, 45, 46, 53, 62, 63, 73, 83, 92, 93, 100, 108, 109, 110, 112, 175, 176, 177, 178], "summary": {"covered_lines": 47, "num_statements": 70, "percent_covered": 67.14285714285714, "missing_lines": 23, "excluded_lines": 0}, "missing_lines": [121, 127, 128, 129, 131, 132, 133, 136, 144, 145, 146, 147, 148, 149, 153, 154, 155, 156, 157, 158, 159, 161, 163], "excluded_lines": []}}, "totals": {"covered_lines": 603, "num_statements": 1332, "percent_covered": 45.270270270270274, "missing_lines": 729, "excluded_lines": 0}}